<?xml version="1.0" encoding="UTF-8"?>
<testsuite xmlns:xsi="http://www.w3.org/2001/XMLSchema-instance" xsi:noNamespaceSchemaLocation="https://maven.apache.org/surefire/maven-surefire-plugin/xsd/surefire-test-report-3.0.xsd" version="3.0" name="de.orat.math.cgacasadi.UtilsTest" time="0.018" tests="1" errors="0" skipped="0" failures="0">
  <properties>
    <property name="java.specification.version" value="21"/>
    <property name="sun.jnu.encoding" value="UTF-8"/>
    <property name="java.class.path" value="/home/F.abi/Desktop/Arbeit/Geometrische Algebra/CGACasADi/CGACasADi/target/test-classes:/home/F.abi/Desktop/Arbeit/Geometrische Algebra/CGACasADi/CGACasADi/target/classes:/home/F.abi/.m2/repository/org/junit/jupiter/junit-jupiter-api/5.10.2/junit-jupiter-api-5.10.2.jar:/home/F.abi/.m2/repository/org/opentest4j/opentest4j/1.3.0/opentest4j-1.3.0.jar:/home/F.abi/.m2/repository/org/junit/platform/junit-platform-commons/1.10.2/junit-platform-commons-1.10.2.jar:/home/F.abi/.m2/repository/org/apiguardian/apiguardian-api/1.1.2/apiguardian-api-1.1.2.jar:/home/F.abi/.m2/repository/org/junit/jupiter/junit-jupiter-params/5.10.2/junit-jupiter-params-5.10.2.jar:/home/F.abi/.m2/repository/org/junit/jupiter/junit-jupiter-engine/5.10.2/junit-jupiter-engine-5.10.2.jar:/home/F.abi/.m2/repository/org/junit/platform/junit-platform-engine/1.10.2/junit-platform-engine-1.10.2.jar:/home/F.abi/.m2/repository/de/dhbw/rahmlab/JCasADi/1.0-SNAPSHOT/JCasADi-1.0-SNAPSHOT.jar:/home/F.abi/.m2/repository/de/orat/rahmlab/NativeLibLoader/1.0-SNAPSHOT/NativeLibLoader-1.0-SNAPSHOT.jar:/home/F.abi/.m2/repository/io/kaitai/kaitai-struct-runtime/0.9/kaitai-struct-runtime-0.9.jar:/home/F.abi/.m2/repository/org/jgrapht/jgrapht-core/1.5.1/jgrapht-core-1.5.1.jar:/home/F.abi/.m2/repository/org/jheaps/jheaps/0.13/jheaps-0.13.jar:/home/F.abi/.m2/repository/de/orat/math/sparsematrix/SparseMatrix/1.0-SNAPSHOT/SparseMatrix-1.0-SNAPSHOT.jar:/home/F.abi/.m2/repository/de/orat/math/gacalc/GACalcAPI/1.0-SNAPSHOT/GACalcAPI-1.0-SNAPSHOT.jar:/home/F.abi/Desktop/Arbeit/Geometrische Algebra/CGACasADi/CGACasADi_SymbolicMultivectorCachingProcessor/target/CGACasADi_SymbolicMultivectorCachingProcessor-1.0-SNAPSHOT.jar:/home/F.abi/.m2/repository/com/squareup/javapoet/1.13.0/javapoet-1.13.0.jar:"/>
    <property name="java.vm.vendor" value="GraalVM Community"/>
    <property name="sun.arch.data.model" value="64"/>
    <property name="java.vendor.url" value="https://www.graalvm.org/"/>
    <property name="user.timezone" value="Europe/Berlin"/>
    <property name="os.name" value="Linux"/>
    <property name="java.vm.specification.version" value="21"/>
    <property name="user.country" value="DE"/>
    <property name="sun.java.launcher" value="SUN_STANDARD"/>
    <property name="sun.boot.library.path" value="/home/F.abi/Desktop/Arbeit/_tmp/GraalVM/graalvm-community-openjdk-21.0.2+13.1/lib"/>
    <property name="sun.java.command" value="/home/F.abi/Desktop/Arbeit/Geometrische Algebra/CGACasADi/CGACasADi/target/surefire/surefirebooter-20240523162951494_3.jar /home/F.abi/Desktop/Arbeit/Geometrische Algebra/CGACasADi/CGACasADi/target/surefire 2024-05-23T16-29-51_396-jvmRun1 surefire-20240523162951494_1tmp surefire_0-20240523162951494_2tmp"/>
    <property name="jnlp.jogamp.tmp.cache.root" value="jln12241259100965387605"/>
    <property name="jdk.debug" value="release"/>
    <property name="surefire.test.class.path" value="/home/F.abi/Desktop/Arbeit/Geometrische Algebra/CGACasADi/CGACasADi/target/test-classes:/home/F.abi/Desktop/Arbeit/Geometrische Algebra/CGACasADi/CGACasADi/target/classes:/home/F.abi/.m2/repository/org/junit/jupiter/junit-jupiter-api/5.10.2/junit-jupiter-api-5.10.2.jar:/home/F.abi/.m2/repository/org/opentest4j/opentest4j/1.3.0/opentest4j-1.3.0.jar:/home/F.abi/.m2/repository/org/junit/platform/junit-platform-commons/1.10.2/junit-platform-commons-1.10.2.jar:/home/F.abi/.m2/repository/org/apiguardian/apiguardian-api/1.1.2/apiguardian-api-1.1.2.jar:/home/F.abi/.m2/repository/org/junit/jupiter/junit-jupiter-params/5.10.2/junit-jupiter-params-5.10.2.jar:/home/F.abi/.m2/repository/org/junit/jupiter/junit-jupiter-engine/5.10.2/junit-jupiter-engine-5.10.2.jar:/home/F.abi/.m2/repository/org/junit/platform/junit-platform-engine/1.10.2/junit-platform-engine-1.10.2.jar:/home/F.abi/.m2/repository/de/dhbw/rahmlab/JCasADi/1.0-SNAPSHOT/JCasADi-1.0-SNAPSHOT.jar:/home/F.abi/.m2/repository/de/orat/rahmlab/NativeLibLoader/1.0-SNAPSHOT/NativeLibLoader-1.0-SNAPSHOT.jar:/home/F.abi/.m2/repository/io/kaitai/kaitai-struct-runtime/0.9/kaitai-struct-runtime-0.9.jar:/home/F.abi/.m2/repository/org/jgrapht/jgrapht-core/1.5.1/jgrapht-core-1.5.1.jar:/home/F.abi/.m2/repository/org/jheaps/jheaps/0.13/jheaps-0.13.jar:/home/F.abi/.m2/repository/de/orat/math/sparsematrix/SparseMatrix/1.0-SNAPSHOT/SparseMatrix-1.0-SNAPSHOT.jar:/home/F.abi/.m2/repository/de/orat/math/gacalc/GACalcAPI/1.0-SNAPSHOT/GACalcAPI-1.0-SNAPSHOT.jar:/home/F.abi/Desktop/Arbeit/Geometrische Algebra/CGACasADi/CGACasADi_SymbolicMultivectorCachingProcessor/target/CGACasADi_SymbolicMultivectorCachingProcessor-1.0-SNAPSHOT.jar:/home/F.abi/.m2/repository/com/squareup/javapoet/1.13.0/javapoet-1.13.0.jar:"/>
    <property name="sun.cpu.endian" value="little"/>
    <property name="user.home" value="/home/F.abi"/>
    <property name="user.language" value="de"/>
    <property name="java.specification.vendor" value="Oracle Corporation"/>
    <property name="java.version.date" value="2024-01-16"/>
    <property name="java.home" value="/home/F.abi/Desktop/Arbeit/_tmp/GraalVM/graalvm-community-openjdk-21.0.2+13.1"/>
    <property name="file.separator" value="/"/>
    <property name="basedir" value="/home/F.abi/Desktop/Arbeit/Geometrische Algebra/CGACasADi/CGACasADi"/>
    <property name="java.vm.compressedOopsMode" value="Zero based"/>
    <property name="jdk.internal.vm.ci.enabled" value="true"/>
    <property name="line.separator" value="&#10;"/>
    <property name="java.vm.specification.vendor" value="Oracle Corporation"/>
    <property name="java.specification.name" value="Java Platform API Specification"/>
    <property name="surefire.real.class.path" value="/home/F.abi/Desktop/Arbeit/Geometrische Algebra/CGACasADi/CGACasADi/target/surefire/surefirebooter-20240523162951494_3.jar"/>
    <property name="sun.management.compiler" value="HotSpot 64-Bit Tiered Compilers"/>
    <property name="java.runtime.version" value="21.0.2+13-jvmci-23.1-b30"/>
    <property name="user.name" value="F.abi"/>
    <property name="stdout.encoding" value="UTF-8"/>
    <property name="path.separator" value=":"/>
    <property name="os.version" value="4.12.14-lp151.28.91-default"/>
    <property name="java.runtime.name" value="OpenJDK Runtime Environment"/>
    <property name="file.encoding" value="UTF-8"/>
    <property name="java.vm.name" value="OpenJDK 64-Bit Server VM"/>
    <property name="java.vendor.version" value="GraalVM CE 21.0.2+13.1"/>
    <property name="maven.ext.class.path" value="/snap/netbeans/93/netbeans/java/maven-nblib/netbeans-eventspy.jar"/>
    <property name="localRepository" value="/home/F.abi/.m2/repository"/>
    <property name="java.vendor.url.bug" value="https://github.com/oracle/graal/issues"/>
    <property name="java.io.tmpdir" value="/tmp"/>
    <property name="java.version" value="21.0.2"/>
    <property name="user.dir" value="/home/F.abi/Desktop/Arbeit/Geometrische Algebra/CGACasADi/CGACasADi"/>
    <property name="os.arch" value="amd64"/>
    <property name="java.vm.specification.name" value="Java Virtual Machine Specification"/>
    <property name="native.encoding" value="UTF-8"/>
    <property name="java.library.path" value="/usr/java/packages/lib:/usr/lib64:/lib64:/lib:/usr/lib"/>
    <property name="java.vm.info" value="mixed mode, sharing"/>
    <property name="stderr.encoding" value="UTF-8"/>
    <property name="java.vendor" value="GraalVM Community"/>
    <property name="java.vm.version" value="21.0.2+13-jvmci-23.1-b30"/>
    <property name="sun.io.unicode.encoding" value="UnicodeLittle"/>
    <property name="java.class.version" value="65.0"/>
  </properties>
  <testcase name="testMatrixExpr" classname="de.orat.math.cgacasadi.UtilsTest" time="0.015">
    <system-out><![CDATA[A:(project((zeros(2x2,1nz)[0] = x[0]))[1] = (3*x[0]))
A[0][0]=x_0
]]></system-out>
  </testcase>
</testsuite>